<?xml version="1.0" encoding="UTF-8"?>
<!-- Generated by org.testng.reporters.JUnitReportReporter -->
<testsuite hostname="LAPTOP-QQAI18EO" failures="0" tests="1" name="flutter.Truvideo.Android_Tests.DealerCodePageTest" time="37.881" errors="0" timestamp="2023-05-04T17:09:00 IST" skipped="0">
  <testcase classname="flutter.Truvideo.Android_Tests.DealerCodePageTest" name="verifyEnterDealerCodeFunction" time="37.881"/>
  <system-out/>
</testsuite> <!-- flutter.Truvideo.Android_Tests.DealerCodePageTest -->
