<?xml version="1.0" encoding="UTF-8"?>
<!-- Generated by org.testng.reporters.JUnitReportReporter -->
<testsuite hostname="DESKTOP-NA6LRAU" failures="0" tests="1" name="flutter.Truvideo.Tests.DealerCodePageTest" time="15.995" errors="0" timestamp="2023-05-30T18:04:48 IST" skipped="0">
  <testcase classname="flutter.Truvideo.Tests.DealerCodePageTest" name="verifyLogin_ValidDealerCode" time="15.995"/>
  <system-out/>
</testsuite> <!-- flutter.Truvideo.Tests.DealerCodePageTest -->
