<?xml version="1.0" encoding="UTF-8"?>
<!-- Generated by org.testng.reporters.JUnitReportReporter -->
<testsuite hostname="LAPTOP-QQAI18EO" failures="0" tests="1" name="flutter.Truvideo.Tests.RO_SettingPageTest" time="10.615" errors="0" timestamp="2023-05-31T15:54:22 IST" skipped="0">
  <testcase classname="flutter.Truvideo.Tests.RO_SettingPageTest" name="checkSmallFont" time="10.615"/>
  <system-out/>
</testsuite> <!-- flutter.Truvideo.Tests.RO_SettingPageTest -->
