<?xml version="1.0" encoding="UTF-8"?>
<!-- Generated by org.testng.reporters.JUnitReportReporter -->
<testsuite hostname="DESKTOP-NA6LRAU" failures="0" tests="2" name="flutter.Truvideo.Tests.ServiceSideTest" time="26.114" errors="0" timestamp="2023-05-29T19:16:49 IST" skipped="0">
  <testcase classname="flutter.Truvideo.Tests.ServiceSideTest" name="verifyDealerCode_ValidDealer" time="16.127"/>
  <system-out/>
  <testcase classname="flutter.Truvideo.Tests.ServiceSideTest" name="verifyLoginwith_ValidPin" time="9.987"/>
  <system-out/>
</testsuite> <!-- flutter.Truvideo.Tests.ServiceSideTest -->
