<?xml version="1.0" encoding="UTF-8"?>
<!-- Generated by org.testng.reporters.JUnitReportReporter -->
<testsuite hostname="DESKTOP-NA6LRAU" failures="0" tests="2" name="flutter.Truvideo.Tests.CreateNewUserPageTest" time="20.606" errors="0" timestamp="2023-05-30T18:04:48 IST" skipped="0">
  <testcase classname="flutter.Truvideo.Tests.CreateNewUserPageTest" name="verifyErrorToastMessage" time="1.768"/>
  <system-out/>
  <testcase classname="flutter.Truvideo.Tests.CreateNewUserPageTest" name="checkNewUserCreation" time="18.838"/>
  <system-out/>
</testsuite> <!-- flutter.Truvideo.Tests.CreateNewUserPageTest -->
