<?xml version="1.0" encoding="UTF-8"?>
<!-- Generated by org.testng.reporters.JUnitReportReporter -->
<testsuite hostname="DESKTOP-NA6LRAU" failures="0" tests="1" name="flutter.Truvideo.Tests.RO_SettingPageTest" time="10.740" errors="0" timestamp="2023-05-31T17:09:35 IST" skipped="0">
  <testcase classname="flutter.Truvideo.Tests.RO_SettingPageTest" name="checkSmallFont" time="10.740"/>
  <system-out/>
</testsuite> <!-- flutter.Truvideo.Tests.RO_SettingPageTest -->
