<?xml version="1.0" encoding="UTF-8"?>
<!-- Generated by org.testng.reporters.JUnitReportReporter -->
<testsuite skipped="0" hostname="DESKTOP-NA6LRAU" name="flutter.Truvideo.Android_Tests.ServiceSideTest" tests="1" failures="0" timestamp="2023-05-16T18:43:55 IST" time="8.734" errors="0">
  <testcase name="verifyDealerCode_InvalidDealer" time="8.734" classname="flutter.Truvideo.Android_Tests.ServiceSideTest"/>
  <system-out/>
</testsuite> <!-- flutter.Truvideo.Android_Tests.ServiceSideTest -->
