<?xml version="1.0" encoding="UTF-8"?>
<!-- Generated by org.testng.reporters.JUnitReportReporter -->
<testsuite hostname="DESKTOP-NA6LRAU" failures="0" tests="1" name="flutter.Truvideo.Tests.DealerCodePageTest" time="16.836" errors="0" timestamp="2023-06-01T16:44:25 IST" skipped="0">
  <testcase classname="flutter.Truvideo.Tests.DealerCodePageTest" name="verifyLogin_ValidDealerCode" time="16.836"/>
  <system-out/>
</testsuite> <!-- flutter.Truvideo.Tests.DealerCodePageTest -->
