<?xml version="1.0" encoding="UTF-8"?>
<!-- Generated by org.testng.reporters.JUnitReportReporter -->
<testsuite hostname="DESKTOP-NA6LRAU" failures="0" tests="1" name="flutter.Truvideo.Tests.UserListPageTest" time="14.966" errors="0" timestamp="2023-06-01T15:13:45 IST" skipped="0">
  <testcase classname="flutter.Truvideo.Tests.UserListPageTest" name="verify_Login_ValidPin" time="14.966"/>
  <system-out/>
</testsuite> <!-- flutter.Truvideo.Tests.UserListPageTest -->
