<?xml version="1.0" encoding="UTF-8"?>
<!-- Generated by org.testng.reporters.JUnitReportReporter -->
<testsuite hostname="LAPTOP-QQAI18EO" failures="0" tests="1" name="flutter.Truvideo.Android_Tests.Android_UserListPageTest" time="23.477" errors="0" timestamp="2023-05-08T13:11:48 IST" skipped="0">
  <testcase classname="flutter.Truvideo.Android_Tests.Android_UserListPageTest" name="verifyUserIsSelected" time="23.477"/>
  <system-out/>
</testsuite> <!-- flutter.Truvideo.Android_Tests.Android_UserListPageTest -->
