<?xml version="1.0" encoding="UTF-8"?>
<!-- Generated by org.testng.reporters.JUnitReportReporter -->
<testsuite hostname="DESKTOP-NA6LRAU" failures="0" tests="1" name="flutter.Truvideo.Tests.CreateNewUserPageTest" time="3.136" errors="0" timestamp="2023-06-01T16:44:25 IST" skipped="0">
  <testcase classname="flutter.Truvideo.Tests.CreateNewUserPageTest" name="verifyCancelButton" time="3.136"/>
  <system-out/>
</testsuite> <!-- flutter.Truvideo.Tests.CreateNewUserPageTest -->
