<?xml version="1.0" encoding="UTF-8"?>
<!-- Generated by org.testng.reporters.JUnitReportReporter -->
<testsuite hostname="DESKTOP-NA6LRAU" failures="0" tests="1" name="flutter.Truvideo.Tests.CreateNewUserPageTest" time="0.000" errors="0" timestamp="2023-06-01T11:06:22 IST" skipped="1">
  <testcase classname="flutter.Truvideo.Tests.CreateNewUserPageTest" name="verifyCancelButton" time="0.000">
    <skipped/>
  </testcase> <!-- verifyCancelButton -->
  <system-out/>
</testsuite> <!-- flutter.Truvideo.Tests.CreateNewUserPageTest -->
