<?xml version="1.0" encoding="UTF-8"?>
<!-- Generated by org.testng.reporters.JUnitReportReporter -->
<testsuite hostname="DESKTOP-NA6LRAU" failures="0" tests="10" name="flutter.Truvideo.Tests.RO_ListPageTest" time="27.258" errors="0" timestamp="2023-06-01T15:13:45 IST" skipped="0">
  <testcase classname="flutter.Truvideo.Tests.RO_ListPageTest" name="verifyAllFooterTabs_and_HeadersTabs" time="2.397"/>
  <system-out/>
  <testcase classname="flutter.Truvideo.Tests.RO_ListPageTest" name="verifySearchROFunction" time="8.735"/>
  <system-out/>
  <testcase classname="flutter.Truvideo.Tests.RO_ListPageTest" name="verifyRO_Status_New" time="2.746"/>
  <system-out/>
  <testcase classname="flutter.Truvideo.Tests.RO_ListPageTest" name="verifyRO_Status_Rejected" time="1.659"/>
  <system-out/>
  <testcase classname="flutter.Truvideo.Tests.RO_ListPageTest" name="verifyRO_Status_All" time="2.747"/>
  <system-out/>
  <testcase classname="flutter.Truvideo.Tests.RO_ListPageTest" name="verifyRO_Status_My" time="3.110"/>
  <system-out/>
  <testcase classname="flutter.Truvideo.Tests.RO_ListPageTest" name="verifyNavigationTo_Chat" time="1.897"/>
  <system-out/>
  <testcase classname="flutter.Truvideo.Tests.RO_ListPageTest" name="verifyNavigationTo_Messages" time="1.751"/>
  <system-out/>
  <testcase classname="flutter.Truvideo.Tests.RO_ListPageTest" name="verifyNavigationTo_Contacts" time="1.103"/>
  <system-out/>
  <testcase classname="flutter.Truvideo.Tests.RO_ListPageTest" name="verifyNavigation_BackTo_Orders" time="1.113"/>
  <system-out/>
</testsuite> <!-- flutter.Truvideo.Tests.RO_ListPageTest -->
