<?xml version="1.0" encoding="UTF-8"?>
<!-- Generated by org.testng.reporters.JUnitReportReporter -->
<testsuite hostname="DESKTOP-NA6LRAU" failures="0" tests="1" name="flutter.Truvideo.Tests.UserListPageTest" time="3.743" errors="0" timestamp="2023-05-30T18:04:48 IST" skipped="0">
  <testcase classname="flutter.Truvideo.Tests.UserListPageTest" name="verifyCreateUserFunction" time="3.743"/>
  <system-out/>
</testsuite> <!-- flutter.Truvideo.Tests.UserListPageTest -->
